Traceback (most recent call last):
  File "/home/kux/workspace/envs/hb23/bin/django-admin.py", line 7, in <module>
    execfile(__file__)
  File "/home/kux/workspace/src/other/django/django/bin/django-admin.py", line 5, in <module>
    management.execute_from_command_line()
  File "/home/kux/workspace/src/other/django/django/core/management/__init__.py", line 443, in execute_from_command_line
    utility.execute()
  File "/home/kux/workspace/src/other/django/django/core/management/__init__.py", line 382, in execute
    self.fetch_command(subcommand).run_from_argv(self.argv)
  File "/home/kux/workspace/src/other/django/django/core/management/base.py", line 196, in run_from_argv
    self.execute(*args, **options.__dict__)
  File "/home/kux/workspace/src/other/django/django/core/management/base.py", line 232, in execute
    output = self.handle(*args, **options)
  File "/home/kux/workspace/src/other/django-filer/filer/management/commands/migrate_content.py", line 161, in handle
    self._fix_files_with_duplicate_names()
  File "/home/kux/workspace/src/other/django-filer/filer/management/commands/migrate_content.py", line 124, in _fix_files_with_duplicate_names
    for filer_file in File.objects.all():
  File "/home/kux/workspace/src/other/django/django/db/models/query.py", line 118, in _result_iter
    self._fill_cache()
  File "/home/kux/workspace/src/other/django/django/db/models/query.py", line 875, in _fill_cache
    self._result_cache.append(self._iter.next())
  File "/home/kux/workspace/envs/hb23/local/lib/python2.7/site-packages/polymorphic/query.py", line 237, in iterator
    o=base_iter.next()
  File "/home/kux/workspace/src/other/django/django/db/models/query.py", line 301, in iterator
    obj = model(*row[index_start:aggregate_start])
  File "/home/kux/workspace/src/other/django-filer/filer/models/filemodels.py", line 73, in __init__
    self._old_folder = self.folder
  File "/home/kux/workspace/src/other/django/django/db/models/fields/related.py", line 350, in __get__
    rel_obj = qs.get(**params)
  File "/home/kux/workspace/src/other/django/django/db/models/query.py", line 361, in get
    num = len(clone)
  File "/home/kux/workspace/src/other/django/django/db/models/query.py", line 85, in __len__
    self._result_cache = list(self.iterator())
  File "/home/kux/workspace/src/other/django/django/db/models/query.py", line 291, in iterator
    for row in compiler.results_iter():
  File "/home/kux/workspace/src/other/django/django/db/models/sql/compiler.py", line 763, in results_iter
    for rows in self.execute_sql(MULTI):
  File "/home/kux/workspace/src/other/django/django/db/models/sql/compiler.py", line 817, in execute_sql
    cursor = self.connection.cursor()
  File "/home/kux/workspace/src/other/django/django/db/backends/__init__.py", line 306, in cursor
    cursor = self.make_debug_cursor(self._cursor())
  File "/home/kux/workspace/src/other/django/django/db/backends/mysql/base.py", line 363, in _cursor
    if not self._valid_connection():
  File "/home/kux/workspace/src/other/django/django/db/backends/mysql/base.py", line 354, in _valid_connection
    self.connection.ping()
KeyboardInterrupt
